<?xml version="1.0" encoding="UTF-8"?>
<!-- Generated by org.testng.reporters.JUnitReportReporter -->
<testsuite hostname="Das" name="APICall.test_get" tests="1" failures="0" timestamp="3 Jul 2020 14:50:09 GMT" time="5.642" errors="0">
  <testcase name="sampe" time="5.642" classname="APICall.test_get"/>
</testsuite> <!-- APICall.test_get -->
